#
# A fatal error has been detected by the Java Runtime Environment:
#
# java.lang.OutOfMemoryError: requested 32784 bytes for Chunk::new. Out of swap space?
#
#  Internal Error (allocation.cpp:215), pid=3404, tid=2424
#  Error: Chunk::new
#
# JRE version: 6.0_17-b04
# Java VM: Java HotSpot(TM) 64-Bit Server VM (14.3-b01 mixed mode windows-amd64 )
# If you would like to submit a bug report, please visit:
#   http://java.sun.com/webapps/bugreport/crash.jsp
#

---------------  T H R E A D  ---------------

Current thread (0x000000000f050800):  JavaThread "CompilerThread0" daemon [_thread_in_native, id=2424, stack(0x000000002cb50000,0x000000002df50000)]

Stack: [0x000000002cb50000,0x000000002df50000]

Current CompileTask:
C2:2218      com.mathworks.matlab.api.explorer.FileLocation.<init>(Ljava/lang/String;)V (245 bytes)


---------------  P R O C E S S  ---------------

Java Threads: ( => current thread )
  0x0000000006004000 JavaThread "RequestQueue for GenericFileList" [_thread_blocked, id=3228, stack(0x00000000066d0000,0x0000000006750000)]
  0x0000000006007800 JavaThread "Foxtrot Multi Worker Thread Runner #1" daemon [_thread_blocked, id=4836, stack(0x00000000528c0000,0x0000000052940000)]
  0x000000000600b800 JavaThread "Code Analyzer updating thread" [_thread_blocked, id=2920, stack(0x0000000007fd0000,0x0000000008050000)]
  0x0000000006006000 JavaThread "Code Analyzer updating thread" [_thread_blocked, id=3756, stack(0x0000000006640000,0x00000000066c0000)]
  0x000000000600a800 JavaThread "Timer queue for AWT thread" daemon [_thread_blocked, id=976, stack(0x000000000ff40000,0x000000000ffc0000)]
  0x0000000005ffd800 JavaThread "Code Analyzer updating thread" [_thread_blocked, id=4132, stack(0x000000000a450000,0x000000000a4d0000)]
  0x0000000006008800 JavaThread "Code Analyzer updating thread" [_thread_blocked, id=4848, stack(0x0000000006850000,0x00000000068d0000)]
  0x0000000006005000 JavaThread "Code Analyzer updating thread" [_thread_blocked, id=1220, stack(0x00000000065c0000,0x0000000006640000)]
  0x0000000006003800 JavaThread "Code Analyzer updating thread" [_thread_blocked, id=524, stack(0x00000000064c0000,0x0000000006540000)]
  0x0000000006002800 JavaThread "Active Reference Queue Daemon" daemon [_thread_blocked, id=2332, stack(0x0000000006420000,0x00000000064a0000)]
  0x0000000006002000 JavaThread "Timer-5" daemon [_thread_blocked, id=4944, stack(0x00000000063a0000,0x0000000006420000)]
  0x0000000006001000 JavaThread "Timer queue for AWT thread" daemon [_thread_blocked, id=4952, stack(0x0000000008250000,0x00000000082d0000)]
  0x0000000006000800 JavaThread "Timer-4" daemon [_thread_blocked, id=4924, stack(0x00000000081d0000,0x0000000008250000)]
  0x0000000005ffe800 JavaThread "Prefs Updater" daemon [_thread_blocked, id=5036, stack(0x0000000008050000,0x00000000080d0000)]
  0x0000000005ffd000 JavaThread "Timer-1" [_thread_blocked, id=5044, stack(0x0000000007f50000,0x0000000007fd0000)]
  0x0000000005ffc000 JavaThread "FelixPackageAdmin" daemon [_thread_blocked, id=1680, stack(0x0000000007780000,0x0000000007800000)]
  0x0000000005f77000 JavaThread "FelixStartLevel" daemon [_thread_blocked, id=3684, stack(0x0000000007700000,0x0000000007780000)]
  0x0000000005f76800 JavaThread "FelixDispatchQueue" daemon [_thread_blocked, id=312, stack(0x0000000007680000,0x0000000007700000)]
  0x0000000005ec7800 JavaThread "TimerQueue" daemon [_thread_blocked, id=4884, stack(0x0000000007580000,0x0000000007600000)]
  0x0000000030ab1000 JavaThread "AWT-EventQueue-0" [_thread_blocked, id=3192, stack(0x00000000074f0000,0x0000000007570000)]
  0x0000000005dc3000 JavaThread "AWT-Shutdown" [_thread_blocked, id=3332, stack(0x0000000007470000,0x00000000074f0000)]
  0x0000000030a20000 JavaThread "AWT-Windows" daemon [_thread_in_native, id=1748, stack(0x0000000006320000,0x00000000063a0000)]
  0x0000000005ba0800 JavaThread "Java2D Disposer" daemon [_thread_blocked, id=3412, stack(0x0000000006220000,0x00000000062a0000)]
  0x00000000307b1000 JavaThread "Timer-0" [_thread_blocked, id=4968, stack(0x00000000058d0000,0x0000000005950000)]
  0x000000000f0ca800 JavaThread "JMI Unnamed Thread" [_thread_in_native, id=3616, stack(0x0000000012350000,0x0000000013750000)]
  0x000000000f05f000 JavaThread "Low Memory Detector" daemon [_thread_blocked, id=3748, stack(0x000000000f1d0000,0x000000000f250000)]
  0x000000000f057800 JavaThread "CompilerThread1" daemon [_thread_blocked, id=3744, stack(0x000000002df50000,0x000000002f350000)]
=>0x000000000f050800 JavaThread "CompilerThread0" daemon [_thread_in_native, id=2424, stack(0x000000002cb50000,0x000000002df50000)]
  0x000000000f04f000 JavaThread "Attach Listener" daemon [_thread_blocked, id=2012, stack(0x000000000f150000,0x000000000f1d0000)]
  0x0000000001bfb800 JavaThread "Finalizer" daemon [_thread_blocked, id=1892, stack(0x0000000009df0000,0x0000000009e70000)]
  0x000000000eff5800 JavaThread "Reference Handler" daemon [_thread_blocked, id=1896, stack(0x0000000009d70000,0x0000000009df0000)]
  0x0000000001aff800 JavaThread "main" [_thread_in_native, id=3820, stack(0x0000000000030000,0x0000000001430000)]

Other Threads:
  0x000000000eff2000 VMThread [stack: 0x000000002b750000,0x000000002cb50000] [id=3828]
  0x000000000f08a800 WatcherThread [stack: 0x000000002f350000,0x0000000030750000] [id=3936]

VM state:not at safepoint (normal execution)

VM Mutex/Monitor currently owned by a thread: None

Heap
 PSYoungGen      total 18432K, used 10252K [0x0000000024750000, 0x0000000025ba0000, 0x0000000026750000)
  eden space 16192K, 51% used [0x0000000024750000,0x0000000024f7f460,0x0000000025720000)
  from space 2240K, 83% used [0x0000000025960000,0x0000000025b33c10,0x0000000025b90000)
  to   space 2304K, 0% used [0x0000000025720000,0x0000000025720000,0x0000000025960000)
 PSOldGen        total 77568K, used 70689K [0x000000001e750000, 0x0000000023310000, 0x0000000024750000)
  object space 77568K, 91% used [0x000000001e750000,0x0000000022c58708,0x0000000023310000)
 PSPermGen       total 108672K, used 63840K [0x0000000016750000, 0x000000001d170000, 0x000000001e750000)
  object space 108672K, 58% used [0x0000000016750000,0x000000001a5a80c0,0x000000001d170000)

Dynamic libraries:
0x0000000140000000 - 0x0000000140029000 	C:\Program Files\MATLAB\R2010b\bin\win64\MATLAB.exe
0x0000000077730000 - 0x00000000778d9000 	C:\Windows\SYSTEM32\ntdll.dll
0x0000000077610000 - 0x000000007772f000 	C:\Windows\system32\kernel32.dll
0x000007fefd830000 - 0x000007fefd89c000 	C:\Windows\system32\KERNELBASE.dll
0x000000007d080000 - 0x000000007d18e000 	C:\Program Files\MATLAB\R2010b\bin\win64\libut.dll
0x0000000180000000 - 0x000000018007c000 	C:\Program Files\MATLAB\R2010b\bin\win64\libmwi18n.dll
0x0000000001470000 - 0x0000000001480000 	C:\Program Files\MATLAB\R2010b\bin\win64\boost_date_time-vc80-mt-1_40.dll
0x0000000074b60000 - 0x0000000074c69000 	C:\Windows\WinSxS\amd64_microsoft.vc80.crt_1fc8b3b9a1e18e3b_8.0.50727.6195_none_88e41e092fab0294\MSVCP80.dll
0x0000000074a90000 - 0x0000000074b59000 	C:\Windows\WinSxS\amd64_microsoft.vc80.crt_1fc8b3b9a1e18e3b_8.0.50727.6195_none_88e41e092fab0294\MSVCR80.dll
0x000007feff790000 - 0x000007feff82f000 	C:\Windows\system32\msvcrt.dll
0x0000000001600000 - 0x000000000161b000 	C:\Program Files\MATLAB\R2010b\bin\win64\boost_filesystem-vc80-mt-1_40.dll
0x0000000001630000 - 0x0000000001639000 	C:\Program Files\MATLAB\R2010b\bin\win64\boost_system-vc80-mt-1_40.dll
0x0000000001650000 - 0x0000000001663000 	C:\Program Files\MATLAB\R2010b\bin\win64\boost_thread-vc80-mt-1_40.dll
0x000000007d880000 - 0x000000007d8a8000 	C:\Program Files\MATLAB\R2010b\bin\win64\LIBEXPAT.dll
0x000000007cce0000 - 0x000000007ce59000 	C:\Program Files\MATLAB\R2010b\bin\win64\icuin42.dll
0x000000007d590000 - 0x000000007d6ca000 	C:\Program Files\MATLAB\R2010b\bin\win64\icuuc42.dll
0x000007feff6b0000 - 0x000007feff78b000 	C:\Windows\system32\ADVAPI32.dll
0x000007fefebb0000 - 0x000007fefebcf000 	C:\Windows\SYSTEM32\sechost.dll
0x000007fefed40000 - 0x000007fefee6d000 	C:\Windows\system32\RPCRT4.dll
0x0000000010000000 - 0x0000000010f47000 	C:\Program Files\MATLAB\R2010b\bin\win64\icudt42.dll
0x0000000078a10000 - 0x0000000078b49000 	C:\Program Files\MATLAB\R2010b\bin\win64\libmwfl.dll
0x000007feff690000 - 0x000007feff6a7000 	C:\Windows\system32\imagehlp.dll
0x0000000077900000 - 0x0000000077907000 	C:\Windows\system32\PSAPI.DLL
0x00000000016c0000 - 0x00000000017a6000 	C:\Program Files\MATLAB\R2010b\bin\win64\boost_regex-vc80-mt-1_40.dll
0x0000000077510000 - 0x000000007760a000 	C:\Windows\system32\USER32.dll
0x000007fefe930000 - 0x000007fefe997000 	C:\Windows\system32\GDI32.dll
0x000007feff830000 - 0x000007feff83e000 	C:\Windows\system32\LPK.dll
0x000007fefdad0000 - 0x000007fefdb99000 	C:\Windows\system32\USP10.dll
0x00000000017c0000 - 0x00000000017d4000 	C:\Program Files\MATLAB\R2010b\bin\win64\boost_signals-vc80-mt-1_40.dll
0x00000000017f0000 - 0x000000000182e000 	C:\Program Files\MATLAB\R2010b\bin\win64\tbb.dll
0x000000007cab0000 - 0x000000007cac0000 	C:\Program Files\MATLAB\R2010b\bin\win64\icuio42.dll
0x000000007d200000 - 0x000000007d460000 	C:\Program Files\MATLAB\R2010b\bin\win64\libmwservices.dll
0x000000007d190000 - 0x000000007d1fd000 	C:\Program Files\MATLAB\R2010b\bin\win64\libmx.dll
0x00000000791e0000 - 0x00000000791f7000 	C:\Program Files\MATLAB\R2010b\bin\win64\zlib1.dll
0x000000007d460000 - 0x000000007d58e000 	C:\Program Files\MATLAB\R2010b\bin\win64\libmwmathutil.dll
0x000000007acf0000 - 0x000000007ad51000 	C:\Program Files\MATLAB\R2010b\bin\win64\mpath.dll
0x000000007d8b0000 - 0x000000007db80000 	C:\Program Files\MATLAB\R2010b\bin\win64\mlutil.dll
0x000000007eb00000 - 0x000000007eb8b000 	C:\Program Files\MATLAB\R2010b\bin\win64\xmlcore.dll
0x000000007a670000 - 0x000000007a905000 	C:\Program Files\MATLAB\R2010b\bin\win64\xerces-c_2_7.dll
0x000007fefebd0000 - 0x000007fefec1d000 	C:\Windows\system32\WS2_32.dll
0x000007fefed30000 - 0x000007fefed38000 	C:\Windows\system32\NSI.dll
0x000007fefdba0000 - 0x000007fefe928000 	C:\Windows\system32\SHELL32.dll
0x000007fefda50000 - 0x000007fefdac1000 	C:\Windows\system32\SHLWAPI.dll
0x000007fef8dd0000 - 0x000007fef8e70000 	C:\Windows\WinSxS\amd64_microsoft.windows.common-controls_6595b64144ccf1df_5.82.7601.17514_none_a4d6a923711520a9\COMCTL32.dll
0x000007feff970000 - 0x000007feffa07000 	C:\Windows\system32\comdlg32.dll
0x000007fefae50000 - 0x000007fefae66000 	C:\Windows\system32\NETAPI32.dll
0x000007fefcb80000 - 0x000007fefcb8c000 	C:\Windows\system32\netutils.dll
0x000007fefd1f0000 - 0x000007fefd213000 	C:\Windows\system32\srvcli.dll
0x000007fefae30000 - 0x000007fefae45000 	C:\Windows\system32\wkscli.dll
0x000000007b0c0000 - 0x000000007b17a000 	C:\Program Files\MATLAB\R2010b\bin\win64\mcr.dll
0x000000007cac0000 - 0x000000007cb74000 	C:\Program Files\MATLAB\R2010b\bin\win64\iqm.dll
0x000000007b860000 - 0x000000007bfdf000 	C:\Program Files\MATLAB\R2010b\bin\win64\m_interpreter.dll
0x000000007cba0000 - 0x000000007cbb0000 	C:\Program Files\MATLAB\R2010b\bin\win64\libmex.dll
0x000000007af40000 - 0x000000007afd6000 	C:\Program Files\MATLAB\R2010b\bin\win64\m_dispatcher.dll
0x000000007ade0000 - 0x000000007ae71000 	C:\Program Files\MATLAB\R2010b\bin\win64\profiler.dll
0x000000007cc20000 - 0x000000007cc51000 	C:\Program Files\MATLAB\R2010b\bin\win64\libmwmathrng.dll
0x0000000079130000 - 0x000000007914a000 	C:\Program Files\MATLAB\R2010b\bin\win64\m_pcodeio.dll
0x000000007aca0000 - 0x000000007aced000 	C:\Program Files\MATLAB\R2010b\bin\win64\m_ir.dll
0x000000007b240000 - 0x000000007b856000 	C:\Program Files\MATLAB\R2010b\bin\win64\m_parser.dll
0x000000007cb80000 - 0x000000007cb93000 	C:\Program Files\MATLAB\R2010b\bin\win64\ir_xfmr.dll
0x0000000078b50000 - 0x0000000078d89000 	C:\Program Files\MATLAB\R2010b\bin\win64\mcos.dll
0x000000007cc70000 - 0x000000007cc7c000 	C:\Program Files\MATLAB\R2010b\bin\win64\mtok.dll
0x0000000079110000 - 0x0000000079130000 	C:\Program Files\MATLAB\R2010b\bin\win64\m_pcodegen.dll
0x0000000078300000 - 0x0000000078356000 	C:\Program Files\MATLAB\R2010b\bin\win64\libmwspmatrix.dll
0x000007fef6050000 - 0x000007fef6175000 	C:\Windows\system32\dbghelp.dll
0x0000000078360000 - 0x000000007838c000 	C:\Program Files\MATLAB\R2010b\bin\win64\libmwbridge.dll
0x000000007c720000 - 0x000000007c7e0000 	C:\Program Files\MATLAB\R2010b\bin\win64\udd.dll
0x000000007d6d0000 - 0x000000007d82b000 	C:\Program Files\MATLAB\R2010b\bin\win64\libmwgui.dll
0x0000000079250000 - 0x0000000079ad7000 	C:\Program Files\MATLAB\R2010b\bin\win64\hg.dll
0x0000000079030000 - 0x0000000079087000 	C:\Program Files\MATLAB\R2010b\bin\win64\libmat.dll
0x000000007ce60000 - 0x000000007d07b000 	C:\Program Files\MATLAB\R2010b\bin\win64\libhdf5.dll
0x000000007aba0000 - 0x000000007ac24000 	C:\Program Files\MATLAB\R2010b\bin\win64\jmi.dll
0x000000007aae0000 - 0x000000007ab1f000 	C:\Program Files\MATLAB\R2010b\bin\win64\libmwhardcopy.dll
0x000000007ac30000 - 0x000000007ac98000 	C:\Program Files\MATLAB\R2010b\bin\win64\libuij.dll
0x0000000078800000 - 0x00000000789f4000 	C:\Program Files\MATLAB\R2010b\bin\win64\hgdatatypes.dll
0x0000000078740000 - 0x00000000787fa000 	C:\Program Files\MATLAB\R2010b\bin\win64\hgutils.dll
0x0000000079090000 - 0x000000007910c000 	C:\Program Files\MATLAB\R2010b\bin\win64\libmwlapack.dll
0x000000007cbc0000 - 0x000000007cbd3000 	C:\Program Files\MATLAB\R2010b\bin\win64\libmwbinder.dll
0x000000007c7e0000 - 0x000000007caa9000 	C:\Program Files\MATLAB\R2010b\bin\win64\uiw.dll
0x000000007ccd0000 - 0x000000007ccda000 	C:\Program Files\MATLAB\R2010b\bin\win64\uinone.dll
0x000000006e2e0000 - 0x000000006e47c000 	C:\Windows\WinSxS\amd64_microsoft.vc80.mfc_1fc8b3b9a1e18e3b_8.0.50727.6195_none_8448b2bd328df189\MFC80.DLL
0x000007fef6910000 - 0x000007fef6981000 	C:\Windows\system32\WINSPOOL.DRV
0x000007fefe9a0000 - 0x000007fefeba3000 	C:\Windows\system32\ole32.dll
0x000007feff1b0000 - 0x000007feff287000 	C:\Windows\system32\OLEAUT32.dll
0x000000007b180000 - 0x000000007b231000 	C:\Program Files\MATLAB\R2010b\bin\win64\udd_mi.dll
0x0000000079150000 - 0x0000000079168000 	C:\Program Files\MATLAB\R2010b\bin\win64\mwoles05.DLL
0x000000007ad60000 - 0x000000007add3000 	C:\Program Files\MATLAB\R2010b\bin\win64\comcli.dll
0x000000006e2c0000 - 0x000000006e2e0000 	C:\Windows\WinSxS\amd64_microsoft.vc80.atl_1fc8b3b9a1e18e3b_8.0.50727.6195_none_8a1dd9552ed7f8d8\ATL80.DLL
0x000000007cc60000 - 0x000000007cc6e000 	C:\Program Files\MATLAB\R2010b\bin\win64\mlautoregister.dll
0x000007feffa10000 - 0x000007feffa3e000 	C:\Windows\system32\IMM32.DLL
0x000007fefec20000 - 0x000007fefed29000 	C:\Windows\system32\MSCTF.dll
0x000000006e2b0000 - 0x000000006e2bd000 	C:\Windows\WinSxS\amd64_microsoft.vc80.mfcloc_1fc8b3b9a1e18e3b_8.0.50727.6195_none_bc20f59b0bdd1acd\MFC80ENU.DLL
0x000007fefd680000 - 0x000007fefd68f000 	C:\Windows\system32\profapi.dll
0x000007fefd5b0000 - 0x000007fefd5bf000 	C:\Windows\system32\CRYPTBASE.dll
0x000007fefbe00000 - 0x000007fefbe56000 	C:\Windows\system32\uxtheme.dll
0x000007fefbe60000 - 0x000007fefc054000 	C:\Windows\WinSxS\amd64_microsoft.windows.common-controls_6595b64144ccf1df_6.0.7601.17514_none_fa396087175ac9ac\comctl32.dll
0x000007feff330000 - 0x000007feff507000 	C:\Windows\system32\SETUPAPI.dll
0x000007fefd7f0000 - 0x000007fefd826000 	C:\Windows\system32\CFGMGR32.dll
0x000007fefd730000 - 0x000007fefd74a000 	C:\Windows\system32\DEVOBJ.dll
0x000007feff290000 - 0x000007feff329000 	C:\Windows\system32\CLBCatQ.DLL
0x000007fefc3b0000 - 0x000007fefc4dc000 	C:\Windows\system32\propsys.dll
0x000007fefc350000 - 0x000007fefc37d000 	C:\Windows\system32\ntmarta.dll
0x000007fefee70000 - 0x000007fefeec2000 	C:\Windows\system32\WLDAP32.dll
0x000000006e2a0000 - 0x000000006e2a3000 	C:\Windows\system32\icmp.Dll
0x000007fefb1a0000 - 0x000007fefb1c7000 	C:\Windows\system32\iphlpapi.DLL
0x000007fefb180000 - 0x000007fefb18b000 	C:\Windows\system32\WINNSI.DLL
0x000007fefd520000 - 0x000007fefd545000 	C:\Windows\system32\SspiCli.dll
0x000007fefb8b0000 - 0x000007fefb8c5000 	C:\Windows\system32\NLAapi.dll
0x000007fefa200000 - 0x000007fefa215000 	C:\Windows\system32\napinsp.dll
0x000007fefa220000 - 0x000007fefa239000 	C:\Windows\system32\pnrpnsp.dll
0x00000000751c0000 - 0x00000000751ee000 	C:\Program Files\Common Files\Microsoft Shared\Windows Live\WLIDNSP.DLL
0x000007fefcef0000 - 0x000007fefcf45000 	C:\Windows\System32\mswsock.dll
0x000007fefcd70000 - 0x000007fefcdcb000 	C:\Windows\system32\DNSAPI.dll
0x000007fefa1f0000 - 0x000007fefa1fb000 	C:\Windows\System32\winrnr.dll
0x000007fefb040000 - 0x000007fefb093000 	C:\Windows\System32\fwpuclnt.dll
0x000007fefa460000 - 0x000007fefa468000 	C:\Windows\system32\rasadhlp.dll
0x000007fefc8a0000 - 0x000007fefc8a7000 	C:\Windows\System32\wshtcpip.dll
0x000007fefb010000 - 0x000007fefb021000 	C:\Windows\system32\dhcpcsvc6.DLL
0x000007fefaf90000 - 0x000007fefafa8000 	C:\Windows\system32\dhcpcsvc.DLL
0x000000006d7f0000 - 0x000000006de4d000 	C:\Program Files\MATLAB\R2010b\sys\java\jre\win64\jre\bin\server\jvm.dll
0x000007fefb7d0000 - 0x000007fefb80b000 	C:\Windows\system32\WINMM.dll
0x000007fefb740000 - 0x000007fefb758000 	C:\Windows\system32\dwmapi.dll
0x000000007af10000 - 0x000000007af1e000 	C:\Program Files\MATLAB\R2010b\sys\java\jre\win64\jre\bin\verify.dll
0x0000000079200000 - 0x0000000079227000 	C:\Program Files\MATLAB\R2010b\sys\java\jre\win64\jre\bin\java.dll
0x000000007aef0000 - 0x000000007aefa000 	C:\Program Files\MATLAB\R2010b\sys\java\jre\win64\jre\bin\hpi.dll
0x000000007af20000 - 0x000000007af32000 	C:\Program Files\MATLAB\R2010b\sys\java\jre\win64\jre\bin\zip.dll
0x0000000079170000 - 0x0000000079194000 	C:\Program Files\MATLAB\R2010b\bin\win64\nativejava.dll
0x000007fef6b20000 - 0x000007fef6b38000 	C:\Windows\system32\MPR.dll

VM Arguments:
jvm_args: -Xss512k -XX:PermSize=32m -Xms64m -XX:NewRatio=3 -XX:MaxPermSize=128m -Xmx128m -XX:MaxDirectMemorySize=2147400000 -Dsun.java2d.noddraw=true -Dsun.awt.nopixfmt=true -Xshare:off -Xrs -Dsun.awt.disableMixing=true -Djava.library.path=C:\Program Files\MATLAB\R2010b\bin\win64 vfprintf abort 
java_command: <unknown>
Launcher Type: generic

Environment Variables:
PATH=C:\Perl64\site\bin;C:\Perl64\bin;C:\Program Files (x86)\MiKTeX 2.9\miktex/bin;C:\Program Files\Common Files\Microsoft Shared\Windows Live;C:\Windows\system32;C:\Windows;C:\Windows\System32\Wbem;C:\Windows\System32\WindowsPowerShell\v1.0\;C:\Program Files\Intel\DMIX;C:\Program Files\MATLAB\R2010b\runtime\win64;C:\Program Files\MATLAB\R2010b\bin;C:\Program Files\TortoiseSVN\bin
USERNAME=pb404
OS=Windows_NT
PROCESSOR_IDENTIFIER=Intel64 Family 6 Model 30 Stepping 5, GenuineIntel



---------------  S Y S T E M  ---------------

OS: Windows 7 Build 7601 Service Pack 1

CPU:total 4 (8 cores per cpu, 2 threads per core) family 6 model 30 stepping 5, cmov, cx8, fxsr, mmx, sse, sse2, sse3, ssse3, sse4.1, sse4.2, ht

Memory: 4k page, physical 8378736k(444080k free), swap 33513096k(3896k free)

vm_info: Java HotSpot(TM) 64-Bit Server VM (14.3-b01) for windows-amd64 JRE (1.6.0_17-b04), built on Oct 11 2009 00:46:08 by "java_re" with MS VC++ 8.0

time: Tue Oct 25 13:27:18 2011
elapsed time: 8079 seconds

